2022-08-31T17:53:40+00:00 CRITICAL Uncaught Error: Using $this when not in object context in /var/www/html/wp-content/themes/wplmsblankchildhtheme/functions.php:30
Stack trace:
#0 /var/www/html/wp-settings.php(566): include()
#1 /var/www/html/wp-config.php(100): require_once('/var/www/html/w...')
#2 /var/www/html/wp-load.php(50): require_once('/var/www/html/w...')
#3 /var/www/html/wp-blog-header.php(13): require_once('/var/www/html/w...')
#4 /var/www/html/index.php(17): require('/var/www/html/w...')
#5 {main}
  thrown in /var/www/html/wp-content/themes/wplmsblankchildhtheme/functions.php on line 30

2022-08-31T17:53:55+00:00 CRITICAL Uncaught Error: Using $this when not in object context in /var/www/html/wp-content/themes/wplmsblankchildhtheme/functions.php:30
Stack trace:
#0 /var/www/html/wp-settings.php(566): include()
#1 /var/www/html/wp-config.php(100): require_once('/var/www/html/w...')
#2 /var/www/html/wp-load.php(50): require_once('/var/www/html/w...')
#3 /var/www/html/wp-blog-header.php(13): require_once('/var/www/html/w...')
#4 /var/www/html/index.php(17): require('/var/www/html/w...')
#5 {main}
  thrown in /var/www/html/wp-content/themes/wplmsblankchildhtheme/functions.php on line 30

2022-08-31T18:21:33+00:00 CRITICAL Uncaught ArgumentCountError: Too few arguments to function remove_action(), 1 passed in /var/www/html/wp-content/themes/wplmsblankchildhtheme/functions.php on line 32 and at least 2 expected in /var/www/html/wp-includes/plugin.php:571
Stack trace:
#0 /var/www/html/wp-content/themes/wplmsblankchildhtheme/functions.php(32): remove_action()
#1 /var/www/html/wp-settings.php(566): include('/var/www/html/w...')
#2 /var/www/html/wp-config.php(100): require_once('/var/www/html/w...')
#3 /var/www/html/wp-load.php(50): require_once('/var/www/html/w...')
#4 /var/www/html/wp-blog-header.php(13): require_once('/var/www/html/w...')
#5 /var/www/html/index.php(17): require('/var/www/html/w...')
#6 {main}
  thrown in /var/www/html/wp-includes/plugin.php on line 571

2022-08-31T18:21:36+00:00 CRITICAL Uncaught ArgumentCountError: Too few arguments to function remove_action(), 1 passed in /var/www/html/wp-content/themes/wplmsblankchildhtheme/functions.php on line 32 and at least 2 expected in /var/www/html/wp-includes/plugin.php:571
Stack trace:
#0 /var/www/html/wp-content/themes/wplmsblankchildhtheme/functions.php(32): remove_action()
#1 /var/www/html/wp-settings.php(566): include('/var/www/html/w...')
#2 /var/www/html/wp-config.php(100): require_once('/var/www/html/w...')
#3 /var/www/html/wp-load.php(50): require_once('/var/www/html/w...')
#4 /var/www/html/wp-blog-header.php(13): require_once('/var/www/html/w...')
#5 /var/www/html/index.php(17): require('/var/www/html/w...')
#6 {main}
  thrown in /var/www/html/wp-includes/plugin.php on line 571

2022-08-31T18:48:33+00:00 CRITICAL Uncaught Error: Call to private WPLMS_Actions::__construct() from invalid context in /var/www/html/wp-content/themes/wplmsblankchildhtheme/functions.php:15
Stack trace:
#0 /var/www/html/wp-includes/class-wp-hook.php(307): {closure}()
#1 /var/www/html/wp-includes/class-wp-hook.php(331): WP_Hook->apply_filters()
#2 /var/www/html/wp-includes/plugin.php(476): WP_Hook->do_action()
#3 /var/www/html/wp-settings.php(576): do_action()
#4 /var/www/html/wp-config.php(100): require_once('/var/www/html/w...')
#5 /var/www/html/wp-load.php(50): require_once('/var/www/html/w...')
#6 /var/www/html/wp-blog-header.php(13): require_once('/var/www/html/w...')
#7 /var/www/html/index.php(17): require('/var/www/html/w...')
#8 {main}
  thrown in /var/www/html/wp-content/themes/wplmsblankchildhtheme/functions.php on line 15

2022-08-31T18:48:37+00:00 CRITICAL Uncaught Error: Call to private WPLMS_Actions::__construct() from invalid context in /var/www/html/wp-content/themes/wplmsblankchildhtheme/functions.php:15
Stack trace:
#0 /var/www/html/wp-includes/class-wp-hook.php(307): {closure}()
#1 /var/www/html/wp-includes/class-wp-hook.php(331): WP_Hook->apply_filters()
#2 /var/www/html/wp-includes/plugin.php(476): WP_Hook->do_action()
#3 /var/www/html/wp-settings.php(576): do_action()
#4 /var/www/html/wp-config.php(100): require_once('/var/www/html/w...')
#5 /var/www/html/wp-load.php(50): require_once('/var/www/html/w...')
#6 /var/www/html/wp-blog-header.php(13): require_once('/var/www/html/w...')
#7 /var/www/html/index.php(17): require('/var/www/html/w...')
#8 {main}
  thrown in /var/www/html/wp-content/themes/wplmsblankchildhtheme/functions.php on line 15

2022-08-31T18:50:05+00:00 CRITICAL Uncaught Error: Call to private WPLMS_Actions::__construct() from invalid context in /var/www/html/wp-content/themes/wplmsblankchildhtheme/functions.php:22
Stack trace:
#0 /var/www/html/wp-includes/class-wp-hook.php(307): {closure}()
#1 /var/www/html/wp-includes/class-wp-hook.php(331): WP_Hook->apply_filters()
#2 /var/www/html/wp-includes/plugin.php(476): WP_Hook->do_action()
#3 /var/www/html/wp-settings.php(598): do_action()
#4 /var/www/html/wp-config.php(100): require_once('/var/www/html/w...')
#5 /var/www/html/wp-load.php(50): require_once('/var/www/html/w...')
#6 /var/www/html/wp-blog-header.php(13): require_once('/var/www/html/w...')
#7 /var/www/html/index.php(17): require('/var/www/html/w...')
#8 {main}
  thrown in /var/www/html/wp-content/themes/wplmsblankchildhtheme/functions.php on line 22

2022-08-31T18:56:14+00:00 CRITICAL Uncaught Error: Call to private WPLMS_Actions::__construct() from invalid context in /var/www/html/wp-content/themes/wplmsblankchildhtheme/functions.php:48
Stack trace:
#0 /var/www/html/wp-includes/class-wp-hook.php(307): {closure}()
#1 /var/www/html/wp-includes/class-wp-hook.php(331): WP_Hook->apply_filters()
#2 /var/www/html/wp-includes/plugin.php(476): WP_Hook->do_action()
#3 /var/www/html/wp-settings.php(576): do_action()
#4 /var/www/html/wp-config.php(100): require_once('/var/www/html/w...')
#5 /var/www/html/wp-load.php(50): require_once('/var/www/html/w...')
#6 /var/www/html/wp-blog-header.php(13): require_once('/var/www/html/w...')
#7 /var/www/html/index.php(17): require('/var/www/html/w...')
#8 {main}
  thrown in /var/www/html/wp-content/themes/wplmsblankchildhtheme/functions.php on line 48

2022-08-31T18:57:38+00:00 CRITICAL Uncaught Error: Call to private WPLMS_Actions::__construct() from invalid context in /var/www/html/wp-content/themes/wplmsblankchildhtheme/functions.php:48
Stack trace:
#0 /var/www/html/wp-includes/class-wp-hook.php(307): {closure}()
#1 /var/www/html/wp-includes/class-wp-hook.php(331): WP_Hook->apply_filters()
#2 /var/www/html/wp-includes/plugin.php(476): WP_Hook->do_action()
#3 /var/www/html/wp-settings.php(576): do_action()
#4 /var/www/html/wp-config.php(100): require_once('/var/www/html/w...')
#5 /var/www/html/wp-load.php(50): require_once('/var/www/html/w...')
#6 /var/www/html/wp-blog-header.php(13): require_once('/var/www/html/w...')
#7 /var/www/html/index.php(17): require('/var/www/html/w...')
#8 {main}
  thrown in /var/www/html/wp-content/themes/wplmsblankchildhtheme/functions.php on line 48

2022-08-31T18:59:31+00:00 CRITICAL Uncaught Error: Class 'WPLMS_Actions' not found in /var/www/html/wp-content/themes/wplmsblankchildhtheme/functions.php:4
Stack trace:
#0 /var/www/html/wp-settings.php(566): include()
#1 /var/www/html/wp-config.php(100): require_once('/var/www/html/w...')
#2 /var/www/html/wp-load.php(50): require_once('/var/www/html/w...')
#3 /var/www/html/wp-blog-header.php(13): require_once('/var/www/html/w...')
#4 /var/www/html/index.php(17): require('/var/www/html/w...')
#5 {main}
  thrown in /var/www/html/wp-content/themes/wplmsblankchildhtheme/functions.php on line 4

2022-08-31T19:08:33+00:00 CRITICAL Uncaught Error: Call to private WPLMS_Actions::__construct() from invalid context in /var/www/html/wp-content/themes/wplmsblankchildhtheme/functions.php:48
Stack trace:
#0 /var/www/html/wp-includes/class-wp-hook.php(307): {closure}()
#1 /var/www/html/wp-includes/class-wp-hook.php(331): WP_Hook->apply_filters()
#2 /var/www/html/wp-includes/plugin.php(476): WP_Hook->do_action()
#3 /var/www/html/wp-settings.php(576): do_action()
#4 /var/www/html/wp-config.php(100): require_once('/var/www/html/w...')
#5 /var/www/html/wp-load.php(50): require_once('/var/www/html/w...')
#6 /var/www/html/wp-blog-header.php(13): require_once('/var/www/html/w...')
#7 /var/www/html/index.php(17): require('/var/www/html/w...')
#8 {main}
  thrown in /var/www/html/wp-content/themes/wplmsblankchildhtheme/functions.php on line 48

2022-08-31T19:14:50+00:00 CRITICAL Cannot make non static method WPLMS_Actions::search() static in class extraLargeWPLMS in /var/www/html/wp-content/themes/wplmsblankchildhtheme/includes/extraLargeWPLMS.php on line 3

